# JRE version: OpenJDK Runtime Environment (8.0_152-b01) (build 1.8.0_152-release-1248-b01)
# Java VM: OpenJDK 64-Bit Server VM (25.152-b01 mixed mode windows-amd64 compressed oops)
Heap:
 PSYoungGen      total 260608K, used 72742K [0x00000000e0000000, 0x00000000f8080000, 0x0000000100000000)
  eden space 220672K, 32% used [0x00000000e0000000,0x00000000e47098a0,0x00000000ed780000)
  from space 39936K, 0% used [0x00000000ed780000,0x00000000ed780000,0x00000000efe80000)
  to   space 71680K, 0% used [0x00000000f3a80000,0x00000000f3a80000,0x00000000f8080000)
 ParOldGen       total 457728K, used 253387K [0x00000000a0000000, 0x00000000bbf00000, 0x00000000e0000000)
  object space 457728K, 55% used [0x00000000a0000000,0x00000000af772ee0,0x00000000bbf00000)
 Metaspace       used 88303K, capacity 91956K, committed 92120K, reserved 1130496K
  class space    used 11106K, capacity 11922K, committed 11992K, reserved 1048576K
GC Heap History (10 events):
Event: 136.670 GC heap before
{Heap before GC invocations=28 (full 3):
 PSYoungGen      total 234496K, used 231033K [0x00000000e0000000, 0x00000000f0500000, 0x0000000100000000)
  eden space 207872K, 100% used [0x00000000e0000000,0x00000000ecb00000,0x00000000ecb00000)
  from space 26624K, 86% used [0x00000000ee800000,0x00000000efe9e5d8,0x00000000f0200000)
  to   space 29696K, 0% used [0x00000000ecb00000,0x00000000ecb00000,0x00000000ee800000)
 ParOldGen       total 146944K, used 36760K [0x00000000a0000000, 0x00000000a8f80000, 0x00000000e0000000)
  object space 146944K, 25% used [0x00000000a0000000,0x00000000a23e6100,0x00000000a8f80000)
 Metaspace       used 81156K, capacity 83986K, committed 84184K, reserved 1122304K
  class space    used 10266K, capacity 10931K, committed 10968K, reserved 1048576K
Event: 136.702 GC heap after
Heap after GC invocations=28 (full 3):
 PSYoungGen      total 237568K, used 29680K [0x00000000e0000000, 0x00000000f2100000, 0x0000000100000000)
  eden space 207872K, 0% used [0x00000000e0000000,0x00000000e0000000,0x00000000ecb00000)
  from space 29696K, 99% used [0x00000000ecb00000,0x00000000ee7fc0b8,0x00000000ee800000)
  to   space 35328K, 0% used [0x00000000efe80000,0x00000000efe80000,0x00000000f2100000)
 ParOldGen       total 146944K, used 37782K [0x00000000a0000000, 0x00000000a8f80000, 0x00000000e0000000)
  object space 146944K, 25% used [0x00000000a0000000,0x00000000a24e59c8,0x00000000a8f80000)
 Metaspace       used 81156K, capacity 83986K, committed 84184K, reserved 1122304K
  class space    used 10266K, capacity 10931K, committed 10968K, reserved 1048576K
}
Event: 139.300 GC heap before
{Heap before GC invocations=29 (full 3):
 PSYoungGen      total 237568K, used 237552K [0x00000000e0000000, 0x00000000f2100000, 0x0000000100000000)
  eden space 207872K, 100% used [0x00000000e0000000,0x00000000ecb00000,0x00000000ecb00000)
  from space 29696K, 99% used [0x00000000ecb00000,0x00000000ee7fc0b8,0x00000000ee800000)
  to   space 35328K, 0% used [0x00000000efe80000,0x00000000efe80000,0x00000000f2100000)
 ParOldGen       total 146944K, used 37782K [0x00000000a0000000, 0x00000000a8f80000, 0x00000000e0000000)
  object space 146944K, 25% used [0x00000000a0000000,0x00000000a24e59c8,0x00000000a8f80000)
 Metaspace       used 86111K, capacity 89562K, committed 89816K, reserved 1128448K
  class space    used 10859K, capacity 11627K, committed 11736K, reserved 1048576K
Event: 139.388 GC heap after
Heap after GC invocations=29 (full 3):
 PSYoungGen      total 256000K, used 31178K [0x00000000e0000000, 0x00000000f3500000, 0x0000000100000000)
  eden space 220672K, 0% used [0x00000000e0000000,0x00000000e0000000,0x00000000ed780000)
  from space 35328K, 88% used [0x00000000efe80000,0x00000000f1cf28a8,0x00000000f2100000)
  to   space 39936K, 0% used [0x00000000ed780000,0x00000000ed780000,0x00000000efe80000)
 ParOldGen       total 146944K, used 37790K [0x00000000a0000000, 0x00000000a8f80000, 0x00000000e0000000)
  object space 146944K, 25% used [0x00000000a0000000,0x00000000a24e79c8,0x00000000a8f80000)
 Metaspace       used 86111K, capacity 89562K, committed 89816K, reserved 1128448K
  class space    used 10859K, capacity 11627K, committed 11736K, reserved 1048576K
}
Event: 144.275 GC heap before
{Heap before GC invocations=30 (full 3):
 PSYoungGen      total 256000K, used 234703K [0x00000000e0000000, 0x00000000f3500000, 0x0000000100000000)
  eden space 220672K, 92% used [0x00000000e0000000,0x00000000ec6c14e0,0x00000000ed780000)
  from space 35328K, 88% used [0x00000000efe80000,0x00000000f1cf28a8,0x00000000f2100000)
  to   space 39936K, 0% used [0x00000000ed780000,0x00000000ed780000,0x00000000efe80000)
 ParOldGen       total 146944K, used 60504K [0x00000000a0000000, 0x00000000a8f80000, 0x00000000e0000000)
  object space 146944K, 41% used [0x00000000a0000000,0x00000000a3b16240,0x00000000a8f80000)
 Metaspace       used 87818K, capacity 91570K, committed 91864K, reserved 1128448K
  class space    used 11085K, capacity 11895K, committed 11992K, reserved 1048576K
Event: 144.328 GC heap after
Heap after GC invocations=30 (full 3):
 PSYoungGen      total 260608K, used 39911K [0x00000000e0000000, 0x00000000f8080000, 0x0000000100000000)
  eden space 220672K, 0% used [0x00000000e0000000,0x00000000e0000000,0x00000000ed780000)
  from space 39936K, 99% used [0x00000000ed780000,0x00000000efe79dd0,0x00000000efe80000)
  to   space 71680K, 0% used [0x00000000f3a80000,0x00000000f3a80000,0x00000000f8080000)
 ParOldGen       total 146944K, used 127903K [0x00000000a0000000, 0x00000000a8f80000, 0x00000000e0000000)
  object space 146944K, 87% used [0x00000000a0000000,0x00000000a7ce7ef0,0x00000000a8f80000)
 Metaspace       used 87818K, capacity 91570K, committed 91864K, reserved 1128448K
  class space    used 11085K, capacity 11895K, committed 11992K, reserved 1048576K
}
Event: 144.328 GC heap before
{Heap before GC invocations=31 (full 4):
 PSYoungGen      total 260608K, used 39911K [0x00000000e0000000, 0x00000000f8080000, 0x0000000100000000)
  eden space 220672K, 0% used [0x00000000e0000000,0x00000000e0000000,0x00000000ed780000)
  from space 39936K, 99% used [0x00000000ed780000,0x00000000efe79dd0,0x00000000efe80000)
  to   space 71680K, 0% used [0x00000000f3a80000,0x00000000f3a80000,0x00000000f8080000)
 ParOldGen       total 146944K, used 127903K [0x00000000a0000000, 0x00000000a8f80000, 0x00000000e0000000)
  object space 146944K, 87% used [0x00000000a0000000,0x00000000a7ce7ef0,0x00000000a8f80000)
 Metaspace       used 87818K, capacity 91570K, committed 91864K, reserved 1128448K
  class space    used 11085K, capacity 11895K, committed 11992K, reserved 1048576K
Event: 144.980 GC heap after
Heap after GC invocations=31 (full 4):
 PSYoungGen      total 260608K, used 20188K [0x00000000e0000000, 0x00000000f8080000, 0x0000000100000000)
  eden space 220672K, 0% used [0x00000000e0000000,0x00000000e0000000,0x00000000ed780000)
  from space 39936K, 50% used [0x00000000ed780000,0x00000000eeb37000,0x00000000efe80000)
  to   space 71680K, 0% used [0x00000000f3a80000,0x00000000f3a80000,0x00000000f8080000)
 ParOldGen       total 304128K, used 137079K [0x00000000a0000000, 0x00000000b2900000, 0x00000000e0000000)
  object space 304128K, 45% used [0x00000000a0000000,0x00000000a85ddcd0,0x00000000b2900000)
 Metaspace       used 87626K, capacity 91036K, committed 91864K, reserved 1128448K
  class space    used 11019K, capacity 11778K, committed 11992K, reserved 1048576K
}
Event: 148.168 GC heap before
{Heap before GC invocations=32 (full 5):
 PSYoungGen      total 260608K, used 240860K [0x00000000e0000000, 0x00000000f8080000, 0x0000000100000000)
  eden space 220672K, 100% used [0x00000000e0000000,0x00000000ed780000,0x00000000ed780000)
  from space 39936K, 50% used [0x00000000ed780000,0x00000000eeb37000,0x00000000efe80000)
  to   space 71680K, 0% used [0x00000000f3a80000,0x00000000f3a80000,0x00000000f8080000)
 ParOldGen       total 348160K, used 328119K [0x00000000a0000000, 0x00000000b5400000, 0x00000000e0000000)
  object space 348160K, 94% used [0x00000000a0000000,0x00000000b406ddc0,0x00000000b5400000)
 Metaspace       used 87660K, capacity 91112K, committed 91864K, reserved 1128448K
  class space    used 11036K, capacity 11780K, committed 11992K, reserved 1048576K
Event: 148.340 GC heap after
Heap after GC invocations=32 (full 5):
 PSYoungGen      total 260608K, used 0K [0x00000000e0000000, 0x00000000f8080000, 0x0000000100000000)
  eden space 220672K, 0% used [0x00000000e0000000,0x00000000e0000000,0x00000000ed780000)
  from space 39936K, 0% used [0x00000000ed780000,0x00000000ed780000,0x00000000efe80000)
  to   space 71680K, 0% used [0x00000000f3a80000,0x00000000f3a80000,0x00000000f8080000)
 ParOldGen       total 457728K, used 253387K [0x00000000a0000000, 0x00000000bbf00000, 0x00000000e0000000)
  object space 457728K, 55% used [0x00000000a0000000,0x00000000af772ee0,0x00000000bbf00000)
 Metaspace       used 87660K, capacity 91112K, committed 91864K, reserved 1128448K
  class space    used 11036K, capacity 11780K, committed 11992K, reserved 1048576K
}

